<?xml version="1.0" encoding="UTF-8" ?>
<testsuite tests="4" failures="0" name="pl.gov.coi.szkolenia.calk.CalculatorTest" time="0" errors="0" skipped="0">
  <properties>
    <property name="idea.version" value="2018.2.6"/>
    <property name="java.runtime.name" value="OpenJDK Runtime Environment"/>
    <property name="sun.boot.library.path" value="C:\Users\krzysztof.franczak\AppData\Local\JetBrains\Toolbox\apps\IDEA-U\ch-0\182.5107.16\jre64\bin"/>
    <property name="java.vm.version" value="25.152-b22"/>
    <property name="java.vm.vendor" value="JetBrains s.r.o"/>
    <property name="maven.multiModuleProjectDirectory" value="C:\Users\krzysztof.franczak\Documents\TestGitHub"/>
    <property name="java.vendor.url" value="https://www.jetbrains.com/"/>
    <property name="path.separator" value=";"/>
    <property name="guice.disable.misplaced.annotation.check" value="true"/>
    <property name="java.vm.name" value="OpenJDK 64-Bit Server VM"/>
    <property name="file.encoding.pkg" value="sun.io"/>
    <property name="user.script" value=""/>
    <property name="user.country" value="PL"/>
    <property name="sun.java.launcher" value="SUN_STANDARD"/>
    <property name="sun.os.patch.level" value=""/>
    <property name="java.vm.specification.name" value="Java Virtual Machine Specification"/>
    <property name="user.dir" value="C:\Users\krzysztof.franczak\Documents\TestGitHub"/>
    <property name="java.runtime.version" value="1.8.0_152-release-1248-b22"/>
    <property name="java.awt.graphicsenv" value="sun.awt.Win32GraphicsEnvironment"/>
    <property name="java.endorsed.dirs" value="C:\Users\krzysztof.franczak\AppData\Local\JetBrains\Toolbox\apps\IDEA-U\ch-0\182.5107.16\jre64\lib\endorsed"/>
    <property name="os.arch" value="amd64"/>
    <property name="java.io.tmpdir" value="C:\Users\KRZYSZ~1.FRA\AppData\Local\Temp\"/>
    <property name="line.separator" value="
"/>
    <property name="java.vm.specification.vendor" value="Oracle Corporation"/>
    <property name="user.variant" value=""/>
    <property name="os.name" value="Windows 10"/>
    <property name="classworlds.conf" value="C:\Users\krzysztof.franczak\AppData\Local\JetBrains\Toolbox\apps\IDEA-U\ch-0\182.5107.16\plugins\maven\lib\maven3\bin\m2.conf"/>
    <property name="sun.jnu.encoding" value="Cp1250"/>
    <property name="java.library.path" value="C:\Users\krzysztof.franczak\AppData\Local\JetBrains\Toolbox\apps\IDEA-U\ch-0\182.5107.16\jre64\bin;C:\WINDOWS\Sun\Java\bin;C:\WINDOWS\system32;C:\WINDOWS;C:\Program Files\Docker\Docker\Resources\bin;C:\Program Files (x86)\Common Files\Oracle\Java\javapath;C:\Program Files (x86)\Intel\iCLS Client\;C:\Program Files\Intel\iCLS Client\;C:\WINDOWS\system32;C:\WINDOWS;C:\WINDOWS\System32\Wbem;C:\WINDOWS\System32\WindowsPowerShell\v1.0\;C:\Program Files (x86)\Intel\Intel(R) Management Engine Components\DAL;C:\Program Files\Intel\Intel(R) Management Engine Components\DAL;C:\Program Files (x86)\Intel\Intel(R) Management Engine Components\IPT;C:\Program Files\Intel\Intel(R) Management Engine Components\IPT;C:\WINDOWS\System32\OpenSSH\;C:\Program Files\Intel\WiFi\bin\;C:\Program Files\Common Files\Intel\WirelessCommon\;C:\Program Files\PuTTY\;C:\Program Files\TortoiseSVN\bin;C:\Users\krzysztof.franczak\AppData\Local\Microsoft\WindowsApps;C:\Users\krzysztof.franczak\.babun;C:\Users\krzysztof.franczak\AppData\Local\Programs\Git\cmd;."/>
    <property name="java.specification.name" value="Java Platform API Specification"/>
    <property name="java.class.version" value="52.0"/>
    <property name="sun.management.compiler" value="HotSpot 64-Bit Tiered Compilers"/>
    <property name="os.version" value="10.0"/>
    <property name="user.home" value="C:\Users\krzysztof.franczak"/>
    <property name="user.timezone" value="Europe/Belgrade"/>
    <property name="java.awt.printerjob" value="sun.awt.windows.WPrinterJob"/>
    <property name="java.specification.version" value="1.8"/>
    <property name="file.encoding" value="UTF-8"/>
    <property name="user.name" value="krzysztof.franczak"/>
    <property name="java.class.path" value="C:\Users\krzysztof.franczak\AppData\Local\JetBrains\Toolbox\apps\IDEA-U\ch-0\182.5107.16\plugins\maven\lib\maven3\boot\plexus-classworlds-2.5.2.jar;C:\Users\krzysztof.franczak\AppData\Local\JetBrains\Toolbox\apps\IDEA-U\ch-0\182.5107.16\lib\idea_rt.jar"/>
    <property name="java.vm.specification.version" value="1.8"/>
    <property name="sun.arch.data.model" value="64"/>
    <property name="java.home" value="C:\Users\krzysztof.franczak\AppData\Local\JetBrains\Toolbox\apps\IDEA-U\ch-0\182.5107.16\jre64"/>
    <property name="sun.java.command" value="org.codehaus.classworlds.Launcher -Didea.version=2018.2.6 test"/>
    <property name="java.specification.vendor" value="Oracle Corporation"/>
    <property name="user.language" value="pl"/>
    <property name="awt.toolkit" value="sun.awt.windows.WToolkit"/>
    <property name="java.vm.info" value="mixed mode"/>
    <property name="java.version" value="1.8.0_152-release"/>
    <property name="java.ext.dirs" value="C:\Users\krzysztof.franczak\AppData\Local\JetBrains\Toolbox\apps\IDEA-U\ch-0\182.5107.16\jre64\lib\ext;C:\WINDOWS\Sun\Java\lib\ext"/>
    <property name="sun.boot.class.path" value="C:\Users\krzysztof.franczak\AppData\Local\JetBrains\Toolbox\apps\IDEA-U\ch-0\182.5107.16\jre64\lib\resources.jar;C:\Users\krzysztof.franczak\AppData\Local\JetBrains\Toolbox\apps\IDEA-U\ch-0\182.5107.16\jre64\lib\rt.jar;C:\Users\krzysztof.franczak\AppData\Local\JetBrains\Toolbox\apps\IDEA-U\ch-0\182.5107.16\jre64\lib\sunrsasign.jar;C:\Users\krzysztof.franczak\AppData\Local\JetBrains\Toolbox\apps\IDEA-U\ch-0\182.5107.16\jre64\lib\jsse.jar;C:\Users\krzysztof.franczak\AppData\Local\JetBrains\Toolbox\apps\IDEA-U\ch-0\182.5107.16\jre64\lib\jce.jar;C:\Users\krzysztof.franczak\AppData\Local\JetBrains\Toolbox\apps\IDEA-U\ch-0\182.5107.16\jre64\lib\charsets.jar;C:\Users\krzysztof.franczak\AppData\Local\JetBrains\Toolbox\apps\IDEA-U\ch-0\182.5107.16\jre64\lib\jfr.jar;C:\Users\krzysztof.franczak\AppData\Local\JetBrains\Toolbox\apps\IDEA-U\ch-0\182.5107.16\jre64\classes"/>
    <property name="java.vendor" value="JetBrains s.r.o"/>
    <property name="maven.home" value="C:\Users\krzysztof.franczak\AppData\Local\JetBrains\Toolbox\apps\IDEA-U\ch-0\182.5107.16\plugins\maven\lib\maven3"/>
    <property name="file.separator" value="\"/>
    <property name="java.vendor.url.bug" value="https://youtrack.jetbrains.com"/>
    <property name="sun.cpu.endian" value="little"/>
    <property name="sun.io.unicode.encoding" value="UnicodeLittle"/>
    <property name="sun.desktop" value="windows"/>
    <property name="sun.cpu.isalist" value="amd64"/>
  </properties>
  <testcase classname="pl.gov.coi.szkolenia.calk.CalculatorTest" name="testMnozJeden" time="0"/>
  <testcase classname="pl.gov.coi.szkolenia.calk.CalculatorTest" name="testMnoz" time="0"/>
  <testcase classname="pl.gov.coi.szkolenia.calk.CalculatorTest" name="testDzielenie" time="0"/>
  <testcase classname="pl.gov.coi.szkolenia.calk.CalculatorTest" name="testSubstract" time="0"/>
</testsuite>